2026-07-17 14:06:46 | INFO     | Configuration loaded from settings.yml
2026-07-17 14:06:46 | DEBUG    | Workers: 8 | Timeout: 120s | Chunk: 100 MB
2026-07-17 14:12:34 | INFO     | Configuration loaded from settings.yml
2026-07-17 14:12:34 | DEBUG    | Workers: 8 | Timeout: 120s | Chunk: 100 MB
2026-07-17 14:12:35 | INFO     | Catalogue contains 116,129 files.
2026-07-17 14:12:35 | INFO     | Preparing to download 2 files.
2026-07-17 14:12:35 | INFO     | [DOWNLOAD] tas_day_ACCESS-CM2_historical_r1i1p1f1_gn_1950.nc
2026-07-17 14:12:35 | INFO     | [DOWNLOAD] tas_day_ACCESS-CM2_historical_r1i1p1f1_gn_1951.nc
2026-07-17 14:12:38 | WARNING  | Attempt 1/5 failed for tas_day_ACCESS-CM2_historical_r1i1p1f1_gn_1950.nc: 404 Client Error:  for url: https://ds.nccs.nasa.gov/thredds/fileServer/AMES/NEX/GDDP-CMIP6/ACCESS-CM2/historical/r1i1p1f1/tas/tas_day_ACCESS-CM2_historical_r1i1p1f1_gn_1950.nc — retrying in 5s
2026-07-17 14:12:38 | WARNING  | Attempt 1/5 failed for tas_day_ACCESS-CM2_historical_r1i1p1f1_gn_1951.nc: 404 Client Error:  for url: https://ds.nccs.nasa.gov/thredds/fileServer/AMES/NEX/GDDP-CMIP6/ACCESS-CM2/historical/r1i1p1f1/tas/tas_day_ACCESS-CM2_historical_r1i1p1f1_gn_1951.nc — retrying in 5s
2026-07-17 14:12:43 | INFO     | [DOWNLOAD] tas_day_ACCESS-CM2_historical_r1i1p1f1_gn_1950.nc
2026-07-17 14:12:43 | INFO     | [DOWNLOAD] tas_day_ACCESS-CM2_historical_r1i1p1f1_gn_1951.nc
2026-07-17 14:12:44 | WARNING  | Attempt 2/5 failed for tas_day_ACCESS-CM2_historical_r1i1p1f1_gn_1950.nc: 404 Client Error:  for url: https://ds.nccs.nasa.gov/thredds/fileServer/AMES/NEX/GDDP-CMIP6/ACCESS-CM2/historical/r1i1p1f1/tas/tas_day_ACCESS-CM2_historical_r1i1p1f1_gn_1950.nc — retrying in 10s
2026-07-17 14:12:44 | WARNING  | Attempt 2/5 failed for tas_day_ACCESS-CM2_historical_r1i1p1f1_gn_1951.nc: 404 Client Error:  for url: https://ds.nccs.nasa.gov/thredds/fileServer/AMES/NEX/GDDP-CMIP6/ACCESS-CM2/historical/r1i1p1f1/tas/tas_day_ACCESS-CM2_historical_r1i1p1f1_gn_1951.nc — retrying in 10s
2026-07-17 14:14:34 | INFO     | Configuration loaded from settings.yml
2026-07-17 14:14:34 | DEBUG    | Workers: 8 | Timeout: 120s | Chunk: 100 MB
2026-07-17 14:14:38 | INFO     | Catalogue contains 116,129 files.
2026-07-17 14:14:38 | INFO     | Preparing to download 2 files.
2026-07-17 14:14:38 | INFO     | [DOWNLOAD] tas_day_ACCESS-CM2_historical_r1i1p1f1_gn_1950.nc
2026-07-17 14:14:38 | INFO     | [DOWNLOAD] tas_day_ACCESS-CM2_historical_r1i1p1f1_gn_1951.nc
2026-07-17 14:14:38 | WARNING  | Attempt 1/5 failed for tas_day_ACCESS-CM2_historical_r1i1p1f1_gn_1951.nc: 404 Client Error:  for url: https://ds.nccs.nasa.gov/thredds/fileServer/AMES/NEX/GDDP-CMIP6/ACCESS-CM2/historical/r1i1p1f1/tas/tas_day_ACCESS-CM2_historical_r1i1p1f1_gn_1951.nc — retrying in 5s
2026-07-17 14:14:39 | WARNING  | Attempt 1/5 failed for tas_day_ACCESS-CM2_historical_r1i1p1f1_gn_1950.nc: 404 Client Error:  for url: https://ds.nccs.nasa.gov/thredds/fileServer/AMES/NEX/GDDP-CMIP6/ACCESS-CM2/historical/r1i1p1f1/tas/tas_day_ACCESS-CM2_historical_r1i1p1f1_gn_1950.nc — retrying in 5s
2026-07-17 14:14:43 | INFO     | [DOWNLOAD] tas_day_ACCESS-CM2_historical_r1i1p1f1_gn_1951.nc
2026-07-17 14:14:44 | INFO     | [DOWNLOAD] tas_day_ACCESS-CM2_historical_r1i1p1f1_gn_1950.nc
2026-07-17 14:14:44 | WARNING  | Attempt 2/5 failed for tas_day_ACCESS-CM2_historical_r1i1p1f1_gn_1950.nc: 404 Client Error:  for url: https://ds.nccs.nasa.gov/thredds/fileServer/AMES/NEX/GDDP-CMIP6/ACCESS-CM2/historical/r1i1p1f1/tas/tas_day_ACCESS-CM2_historical_r1i1p1f1_gn_1950.nc — retrying in 10s
2026-07-17 14:14:44 | WARNING  | Attempt 2/5 failed for tas_day_ACCESS-CM2_historical_r1i1p1f1_gn_1951.nc: 404 Client Error:  for url: https://ds.nccs.nasa.gov/thredds/fileServer/AMES/NEX/GDDP-CMIP6/ACCESS-CM2/historical/r1i1p1f1/tas/tas_day_ACCESS-CM2_historical_r1i1p1f1_gn_1951.nc — retrying in 10s
2026-07-17 14:14:54 | INFO     | [DOWNLOAD] tas_day_ACCESS-CM2_historical_r1i1p1f1_gn_1950.nc
2026-07-17 14:14:54 | INFO     | [DOWNLOAD] tas_day_ACCESS-CM2_historical_r1i1p1f1_gn_1951.nc
2026-07-17 14:14:55 | WARNING  | Attempt 3/5 failed for tas_day_ACCESS-CM2_historical_r1i1p1f1_gn_1951.nc: 404 Client Error:  for url: https://ds.nccs.nasa.gov/thredds/fileServer/AMES/NEX/GDDP-CMIP6/ACCESS-CM2/historical/r1i1p1f1/tas/tas_day_ACCESS-CM2_historical_r1i1p1f1_gn_1951.nc — retrying in 20s
2026-07-17 14:14:55 | WARNING  | Attempt 3/5 failed for tas_day_ACCESS-CM2_historical_r1i1p1f1_gn_1950.nc: 404 Client Error:  for url: https://ds.nccs.nasa.gov/thredds/fileServer/AMES/NEX/GDDP-CMIP6/ACCESS-CM2/historical/r1i1p1f1/tas/tas_day_ACCESS-CM2_historical_r1i1p1f1_gn_1950.nc — retrying in 20s
2026-07-17 14:15:15 | INFO     | [DOWNLOAD] tas_day_ACCESS-CM2_historical_r1i1p1f1_gn_1951.nc
2026-07-17 14:15:15 | INFO     | [DOWNLOAD] tas_day_ACCESS-CM2_historical_r1i1p1f1_gn_1950.nc
2026-07-17 14:15:16 | WARNING  | Attempt 4/5 failed for tas_day_ACCESS-CM2_historical_r1i1p1f1_gn_1951.nc: 404 Client Error:  for url: https://ds.nccs.nasa.gov/thredds/fileServer/AMES/NEX/GDDP-CMIP6/ACCESS-CM2/historical/r1i1p1f1/tas/tas_day_ACCESS-CM2_historical_r1i1p1f1_gn_1951.nc — retrying in 40s
2026-07-17 14:15:16 | WARNING  | Attempt 4/5 failed for tas_day_ACCESS-CM2_historical_r1i1p1f1_gn_1950.nc: 404 Client Error:  for url: https://ds.nccs.nasa.gov/thredds/fileServer/AMES/NEX/GDDP-CMIP6/ACCESS-CM2/historical/r1i1p1f1/tas/tas_day_ACCESS-CM2_historical_r1i1p1f1_gn_1950.nc — retrying in 40s
2026-07-17 14:15:56 | INFO     | [DOWNLOAD] tas_day_ACCESS-CM2_historical_r1i1p1f1_gn_1951.nc
2026-07-17 14:15:56 | INFO     | [DOWNLOAD] tas_day_ACCESS-CM2_historical_r1i1p1f1_gn_1950.nc
2026-07-17 14:15:57 | ERROR    | FAILED tas_day_ACCESS-CM2_historical_r1i1p1f1_gn_1951.nc — Failed after 5 attempts: tas_day_ACCESS-CM2_historical_r1i1p1f1_gn_1951.nc
2026-07-17 14:15:57 | ERROR    | FAILED tas_day_ACCESS-CM2_historical_r1i1p1f1_gn_1950.nc — Failed after 5 attempts: tas_day_ACCESS-CM2_historical_r1i1p1f1_gn_1950.nc
2026-07-17 14:15:57 | INFO     | Finished: 0 downloaded, 0 skipped, 2 failed.
2026-07-17 14:15:57 | INFO     | Total time: 1m 19s
2026-07-17 14:25:10 | INFO     | Configuration loaded from settings.yml
2026-07-17 14:25:10 | DEBUG    | Workers: 8 | Timeout: 120s | Chunk: 100 MB
2026-07-17 14:26:06 | INFO     | Catalogue contains 116,129 files.
2026-07-17 14:26:06 | INFO     | Preparing to download 2 files.
2026-07-17 14:26:07 | INFO     | [DOWNLOAD] tas_day_ACCESS-CM2_historical_r1i1p1f1_gn_1950.nc
2026-07-17 14:26:07 | INFO     | [DOWNLOAD] tas_day_ACCESS-CM2_historical_r1i1p1f1_gn_1951.nc
2026-07-17 14:28:38 | WARNING  | Attempt 1/5 failed for tas_day_ACCESS-CM2_historical_r1i1p1f1_gn_1951.nc: HTTPSConnectionPool(host='ds_v2.0.nccs.nasa.gov', port=443): Max retries exceeded with url: /thredds/fileServer/AMES/NEX/GDDP-CMIP6/ACCESS-CM2/historical/r1i1p1f1/tas/tas_day_ACCESS-CM2_historical_r1i1p1f1_gn_1951_v2.0.nc (Caused by NameResolutionError("HTTPSConnection(host='ds_v2.0.nccs.nasa.gov', port=443): Failed to resolve 'ds_v2.0.nccs.nasa.gov' ([Errno 11001] getaddrinfo failed)")) — retrying in 5s
2026-07-17 14:28:38 | WARNING  | Attempt 1/5 failed for tas_day_ACCESS-CM2_historical_r1i1p1f1_gn_1950.nc: HTTPSConnectionPool(host='ds_v2.0.nccs.nasa.gov', port=443): Max retries exceeded with url: /thredds/fileServer/AMES/NEX/GDDP-CMIP6/ACCESS-CM2/historical/r1i1p1f1/tas/tas_day_ACCESS-CM2_historical_r1i1p1f1_gn_1950_v2.0.nc (Caused by NameResolutionError("HTTPSConnection(host='ds_v2.0.nccs.nasa.gov', port=443): Failed to resolve 'ds_v2.0.nccs.nasa.gov' ([Errno 11001] getaddrinfo failed)")) — retrying in 5s
2026-07-17 14:28:43 | INFO     | [DOWNLOAD] tas_day_ACCESS-CM2_historical_r1i1p1f1_gn_1951.nc
2026-07-17 14:28:43 | INFO     | [DOWNLOAD] tas_day_ACCESS-CM2_historical_r1i1p1f1_gn_1950.nc
2026-07-17 14:31:16 | WARNING  | Attempt 2/5 failed for tas_day_ACCESS-CM2_historical_r1i1p1f1_gn_1951.nc: HTTPSConnectionPool(host='ds_v2.0.nccs.nasa.gov', port=443): Max retries exceeded with url: /thredds/fileServer/AMES/NEX/GDDP-CMIP6/ACCESS-CM2/historical/r1i1p1f1/tas/tas_day_ACCESS-CM2_historical_r1i1p1f1_gn_1951_v2.0.nc (Caused by NameResolutionError("HTTPSConnection(host='ds_v2.0.nccs.nasa.gov', port=443): Failed to resolve 'ds_v2.0.nccs.nasa.gov' ([Errno 11001] getaddrinfo failed)")) — retrying in 10s
2026-07-17 14:31:16 | WARNING  | Attempt 2/5 failed for tas_day_ACCESS-CM2_historical_r1i1p1f1_gn_1950.nc: HTTPSConnectionPool(host='ds_v2.0.nccs.nasa.gov', port=443): Max retries exceeded with url: /thredds/fileServer/AMES/NEX/GDDP-CMIP6/ACCESS-CM2/historical/r1i1p1f1/tas/tas_day_ACCESS-CM2_historical_r1i1p1f1_gn_1950_v2.0.nc (Caused by NameResolutionError("HTTPSConnection(host='ds_v2.0.nccs.nasa.gov', port=443): Failed to resolve 'ds_v2.0.nccs.nasa.gov' ([Errno 11001] getaddrinfo failed)")) — retrying in 10s
2026-07-17 14:31:26 | INFO     | [DOWNLOAD] tas_day_ACCESS-CM2_historical_r1i1p1f1_gn_1950.nc
2026-07-17 14:31:26 | INFO     | [DOWNLOAD] tas_day_ACCESS-CM2_historical_r1i1p1f1_gn_1951.nc
2026-07-17 14:32:48 | INFO     | Configuration loaded from settings.yml
2026-07-17 14:32:48 | DEBUG    | Workers: 8 | Timeout: 120s | Chunk: 100 MB
2026-07-17 14:32:52 | INFO     | Catalogue contains 116,129 files.
2026-07-17 14:32:52 | INFO     | Preparing to download 2 files.
2026-07-17 14:32:52 | INFO     | [DOWNLOAD] tas_day_ACCESS-CM2_historical_r1i1p1f1_gn_1950.nc
2026-07-17 14:32:52 | INFO     | [DOWNLOAD] tas_day_ACCESS-CM2_historical_r1i1p1f1_gn_1951.nc
2026-07-17 14:33:57 | WARNING  | Attempt 3/5 failed for tas_day_ACCESS-CM2_historical_r1i1p1f1_gn_1950.nc: HTTPSConnectionPool(host='ds_v2.0.nccs.nasa.gov', port=443): Max retries exceeded with url: /thredds/fileServer/AMES/NEX/GDDP-CMIP6/ACCESS-CM2/historical/r1i1p1f1/tas/tas_day_ACCESS-CM2_historical_r1i1p1f1_gn_1950_v2.0.nc (Caused by NameResolutionError("HTTPSConnection(host='ds_v2.0.nccs.nasa.gov', port=443): Failed to resolve 'ds_v2.0.nccs.nasa.gov' ([Errno 11001] getaddrinfo failed)")) — retrying in 20s
2026-07-17 14:33:57 | WARNING  | Attempt 3/5 failed for tas_day_ACCESS-CM2_historical_r1i1p1f1_gn_1951.nc: HTTPSConnectionPool(host='ds_v2.0.nccs.nasa.gov', port=443): Max retries exceeded with url: /thredds/fileServer/AMES/NEX/GDDP-CMIP6/ACCESS-CM2/historical/r1i1p1f1/tas/tas_day_ACCESS-CM2_historical_r1i1p1f1_gn_1951_v2.0.nc (Caused by NameResolutionError("HTTPSConnection(host='ds_v2.0.nccs.nasa.gov', port=443): Failed to resolve 'ds_v2.0.nccs.nasa.gov' ([Errno 11001] getaddrinfo failed)")) — retrying in 20s
2026-07-17 14:34:17 | INFO     | [DOWNLOAD] tas_day_ACCESS-CM2_historical_r1i1p1f1_gn_1950.nc
2026-07-17 14:34:17 | INFO     | [DOWNLOAD] tas_day_ACCESS-CM2_historical_r1i1p1f1_gn_1951.nc
2026-07-17 14:35:23 | WARNING  | Attempt 1/5 failed for tas_day_ACCESS-CM2_historical_r1i1p1f1_gn_1950.nc: HTTPSConnectionPool(host='ds_v2.0.nccs.nasa.gov', port=443): Max retries exceeded with url: /thredds/fileServer/AMES/NEX/GDDP-CMIP6/ACCESS-CM2/historical/r1i1p1f1/tas/tas_day_ACCESS-CM2_historical_r1i1p1f1_gn_1950_v2.0.nc (Caused by NameResolutionError("HTTPSConnection(host='ds_v2.0.nccs.nasa.gov', port=443): Failed to resolve 'ds_v2.0.nccs.nasa.gov' ([Errno 11001] getaddrinfo failed)")) — retrying in 5s
2026-07-17 14:35:23 | WARNING  | Attempt 1/5 failed for tas_day_ACCESS-CM2_historical_r1i1p1f1_gn_1951.nc: HTTPSConnectionPool(host='ds_v2.0.nccs.nasa.gov', port=443): Max retries exceeded with url: /thredds/fileServer/AMES/NEX/GDDP-CMIP6/ACCESS-CM2/historical/r1i1p1f1/tas/tas_day_ACCESS-CM2_historical_r1i1p1f1_gn_1951_v2.0.nc (Caused by NameResolutionError("HTTPSConnection(host='ds_v2.0.nccs.nasa.gov', port=443): Failed to resolve 'ds_v2.0.nccs.nasa.gov' ([Errno 11001] getaddrinfo failed)")) — retrying in 5s
2026-07-17 14:35:28 | INFO     | [DOWNLOAD] tas_day_ACCESS-CM2_historical_r1i1p1f1_gn_1950.nc
2026-07-17 14:35:28 | INFO     | [DOWNLOAD] tas_day_ACCESS-CM2_historical_r1i1p1f1_gn_1951.nc
2026-07-17 14:36:49 | WARNING  | Attempt 4/5 failed for tas_day_ACCESS-CM2_historical_r1i1p1f1_gn_1950.nc: HTTPSConnectionPool(host='ds_v2.0.nccs.nasa.gov', port=443): Max retries exceeded with url: /thredds/fileServer/AMES/NEX/GDDP-CMIP6/ACCESS-CM2/historical/r1i1p1f1/tas/tas_day_ACCESS-CM2_historical_r1i1p1f1_gn_1950_v2.0.nc (Caused by NameResolutionError("HTTPSConnection(host='ds_v2.0.nccs.nasa.gov', port=443): Failed to resolve 'ds_v2.0.nccs.nasa.gov' ([Errno 11001] getaddrinfo failed)")) — retrying in 40s
2026-07-17 14:36:49 | WARNING  | Attempt 4/5 failed for tas_day_ACCESS-CM2_historical_r1i1p1f1_gn_1951.nc: HTTPSConnectionPool(host='ds_v2.0.nccs.nasa.gov', port=443): Max retries exceeded with url: /thredds/fileServer/AMES/NEX/GDDP-CMIP6/ACCESS-CM2/historical/r1i1p1f1/tas/tas_day_ACCESS-CM2_historical_r1i1p1f1_gn_1951_v2.0.nc (Caused by NameResolutionError("HTTPSConnection(host='ds_v2.0.nccs.nasa.gov', port=443): Failed to resolve 'ds_v2.0.nccs.nasa.gov' ([Errno 11001] getaddrinfo failed)")) — retrying in 40s
2026-07-17 14:37:29 | INFO     | [DOWNLOAD] tas_day_ACCESS-CM2_historical_r1i1p1f1_gn_1950.nc
2026-07-17 14:37:29 | INFO     | [DOWNLOAD] tas_day_ACCESS-CM2_historical_r1i1p1f1_gn_1951.nc
2026-07-17 14:37:59 | WARNING  | Attempt 2/5 failed for tas_day_ACCESS-CM2_historical_r1i1p1f1_gn_1950.nc: HTTPSConnectionPool(host='ds_v2.0.nccs.nasa.gov', port=443): Max retries exceeded with url: /thredds/fileServer/AMES/NEX/GDDP-CMIP6/ACCESS-CM2/historical/r1i1p1f1/tas/tas_day_ACCESS-CM2_historical_r1i1p1f1_gn_1950_v2.0.nc (Caused by NameResolutionError("HTTPSConnection(host='ds_v2.0.nccs.nasa.gov', port=443): Failed to resolve 'ds_v2.0.nccs.nasa.gov' ([Errno 11001] getaddrinfo failed)")) — retrying in 10s
2026-07-17 14:37:59 | WARNING  | Attempt 2/5 failed for tas_day_ACCESS-CM2_historical_r1i1p1f1_gn_1951.nc: HTTPSConnectionPool(host='ds_v2.0.nccs.nasa.gov', port=443): Max retries exceeded with url: /thredds/fileServer/AMES/NEX/GDDP-CMIP6/ACCESS-CM2/historical/r1i1p1f1/tas/tas_day_ACCESS-CM2_historical_r1i1p1f1_gn_1951_v2.0.nc (Caused by NameResolutionError("HTTPSConnection(host='ds_v2.0.nccs.nasa.gov', port=443): Failed to resolve 'ds_v2.0.nccs.nasa.gov' ([Errno 11001] getaddrinfo failed)")) — retrying in 10s
2026-07-17 14:38:09 | INFO     | [DOWNLOAD] tas_day_ACCESS-CM2_historical_r1i1p1f1_gn_1950.nc
2026-07-17 14:38:09 | INFO     | [DOWNLOAD] tas_day_ACCESS-CM2_historical_r1i1p1f1_gn_1951.nc
2026-07-17 14:40:01 | ERROR    | FAILED tas_day_ACCESS-CM2_historical_r1i1p1f1_gn_1950.nc — Failed after 5 attempts: tas_day_ACCESS-CM2_historical_r1i1p1f1_gn_1950.nc
2026-07-17 14:40:01 | ERROR    | FAILED tas_day_ACCESS-CM2_historical_r1i1p1f1_gn_1951.nc — Failed after 5 attempts: tas_day_ACCESS-CM2_historical_r1i1p1f1_gn_1951.nc
2026-07-17 14:40:01 | INFO     | Finished: 0 downloaded, 0 skipped, 2 failed.
2026-07-17 14:40:01 | INFO     | Total time: 13m 54s
2026-07-17 14:40:40 | WARNING  | Attempt 3/5 failed for tas_day_ACCESS-CM2_historical_r1i1p1f1_gn_1950.nc: HTTPSConnectionPool(host='ds_v2.0.nccs.nasa.gov', port=443): Max retries exceeded with url: /thredds/fileServer/AMES/NEX/GDDP-CMIP6/ACCESS-CM2/historical/r1i1p1f1/tas/tas_day_ACCESS-CM2_historical_r1i1p1f1_gn_1950_v2.0.nc (Caused by NameResolutionError("HTTPSConnection(host='ds_v2.0.nccs.nasa.gov', port=443): Failed to resolve 'ds_v2.0.nccs.nasa.gov' ([Errno 11001] getaddrinfo failed)")) — retrying in 20s
2026-07-17 14:40:40 | WARNING  | Attempt 3/5 failed for tas_day_ACCESS-CM2_historical_r1i1p1f1_gn_1951.nc: HTTPSConnectionPool(host='ds_v2.0.nccs.nasa.gov', port=443): Max retries exceeded with url: /thredds/fileServer/AMES/NEX/GDDP-CMIP6/ACCESS-CM2/historical/r1i1p1f1/tas/tas_day_ACCESS-CM2_historical_r1i1p1f1_gn_1951_v2.0.nc (Caused by NameResolutionError("HTTPSConnection(host='ds_v2.0.nccs.nasa.gov', port=443): Failed to resolve 'ds_v2.0.nccs.nasa.gov' ([Errno 11001] getaddrinfo failed)")) — retrying in 20s
2026-07-17 14:41:00 | INFO     | [DOWNLOAD] tas_day_ACCESS-CM2_historical_r1i1p1f1_gn_1951.nc
2026-07-17 14:41:00 | INFO     | [DOWNLOAD] tas_day_ACCESS-CM2_historical_r1i1p1f1_gn_1950.nc
2026-07-17 14:43:33 | WARNING  | Attempt 4/5 failed for tas_day_ACCESS-CM2_historical_r1i1p1f1_gn_1951.nc: HTTPSConnectionPool(host='ds_v2.0.nccs.nasa.gov', port=443): Max retries exceeded with url: /thredds/fileServer/AMES/NEX/GDDP-CMIP6/ACCESS-CM2/historical/r1i1p1f1/tas/tas_day_ACCESS-CM2_historical_r1i1p1f1_gn_1951_v2.0.nc (Caused by NameResolutionError("HTTPSConnection(host='ds_v2.0.nccs.nasa.gov', port=443): Failed to resolve 'ds_v2.0.nccs.nasa.gov' ([Errno 11001] getaddrinfo failed)")) — retrying in 40s
2026-07-17 14:43:33 | WARNING  | Attempt 4/5 failed for tas_day_ACCESS-CM2_historical_r1i1p1f1_gn_1950.nc: HTTPSConnectionPool(host='ds_v2.0.nccs.nasa.gov', port=443): Max retries exceeded with url: /thredds/fileServer/AMES/NEX/GDDP-CMIP6/ACCESS-CM2/historical/r1i1p1f1/tas/tas_day_ACCESS-CM2_historical_r1i1p1f1_gn_1950_v2.0.nc (Caused by NameResolutionError("HTTPSConnection(host='ds_v2.0.nccs.nasa.gov', port=443): Failed to resolve 'ds_v2.0.nccs.nasa.gov' ([Errno 11001] getaddrinfo failed)")) — retrying in 40s
2026-07-17 14:44:13 | INFO     | [DOWNLOAD] tas_day_ACCESS-CM2_historical_r1i1p1f1_gn_1950.nc
2026-07-17 14:44:13 | INFO     | [DOWNLOAD] tas_day_ACCESS-CM2_historical_r1i1p1f1_gn_1951.nc
2026-07-17 14:46:44 | ERROR    | FAILED tas_day_ACCESS-CM2_historical_r1i1p1f1_gn_1951.nc — Failed after 5 attempts: tas_day_ACCESS-CM2_historical_r1i1p1f1_gn_1951.nc
2026-07-17 14:46:44 | ERROR    | FAILED tas_day_ACCESS-CM2_historical_r1i1p1f1_gn_1950.nc — Failed after 5 attempts: tas_day_ACCESS-CM2_historical_r1i1p1f1_gn_1950.nc
2026-07-17 14:46:44 | INFO     | Finished: 0 downloaded, 0 skipped, 2 failed.
2026-07-17 14:46:44 | INFO     | Total time: 13m 51s
2026-07-17 14:54:19 | INFO     | Configuration loaded from settings.yml
2026-07-17 14:54:19 | DEBUG    | Workers: 8 | Timeout: 120s | Chunk: 100 MB
2026-07-17 14:55:13 | INFO     | Catalogue contains 116,129 files.
2026-07-17 14:55:13 | INFO     | Preparing to download 2 files.
2026-07-17 14:55:13 | INFO     | [DOWNLOAD] tas_day_ACCESS-CM2_historical_r1i1p1f1_gn_1950.nc
2026-07-17 14:55:13 | INFO     | [DOWNLOAD] tas_day_ACCESS-CM2_historical_r1i1p1f1_gn_1951.nc
2026-07-17 14:55:42 | INFO     | Configuration loaded from settings.yml
2026-07-17 14:55:42 | DEBUG    | Workers: 8 | Timeout: 120s | Chunk: 100 MB
2026-07-17 14:55:43 | INFO     | Catalogue contains 116,129 files.
2026-07-17 14:55:43 | INFO     | Preparing to download 2 files.
2026-07-17 14:55:43 | INFO     | [DOWNLOAD] tas_day_ACCESS-CM2_historical_r1i1p1f1_gn_1950.nc
2026-07-17 14:55:43 | INFO     | [DOWNLOAD] tas_day_ACCESS-CM2_historical_r1i1p1f1_gn_1951.nc
2026-07-17 14:55:46 | INFO     | [REDIRECT] tas_day_ACCESS-CM2_historical_r1i1p1f1_gn_1951.nc → tas_day_ACCESS-CM2_historical_r1i1p1f1_gn_1951_v2.0.nc
2026-07-17 14:55:46 | INFO     | [REDIRECT] tas_day_ACCESS-CM2_historical_r1i1p1f1_gn_1950.nc → tas_day_ACCESS-CM2_historical_r1i1p1f1_gn_1950_v2.0.nc
2026-07-17 14:59:36 | INFO     | Configuration loaded from settings.yml
2026-07-17 14:59:36 | DEBUG    | Workers: 8 | Timeout: 120s | Chunk: 100 MB
2026-07-17 14:59:37 | INFO     | Catalogue contains 116,129 files.
2026-07-17 14:59:37 | INFO     | Preparing to download 2 files.
2026-07-17 14:59:37 | INFO     | [RE-DOWNLOAD] tas_day_ACCESS-CM2_historical_r1i1p1f1_gn_1951.nc (checksum mismatch)
2026-07-17 14:59:37 | INFO     | [RE-DOWNLOAD] tas_day_ACCESS-CM2_historical_r1i1p1f1_gn_1950.nc (checksum mismatch)
2026-07-17 14:59:37 | DEBUG    | [RESUME] tas_day_ACCESS-CM2_historical_r1i1p1f1_gn_1951.nc from 0.00 B
2026-07-17 14:59:37 | DEBUG    | [RESUME] tas_day_ACCESS-CM2_historical_r1i1p1f1_gn_1950.nc from 0.00 B
2026-07-17 14:59:37 | INFO     | [DOWNLOAD] tas_day_ACCESS-CM2_historical_r1i1p1f1_gn_1951.nc
2026-07-17 14:59:37 | INFO     | [DOWNLOAD] tas_day_ACCESS-CM2_historical_r1i1p1f1_gn_1950.nc
2026-07-17 14:59:40 | INFO     | [REDIRECT] tas_day_ACCESS-CM2_historical_r1i1p1f1_gn_1951.nc → tas_day_ACCESS-CM2_historical_r1i1p1f1_gn_1951_v2.0.nc
2026-07-17 14:59:40 | INFO     | [REDIRECT] tas_day_ACCESS-CM2_historical_r1i1p1f1_gn_1950.nc → tas_day_ACCESS-CM2_historical_r1i1p1f1_gn_1950_v2.0.nc
2026-07-17 15:00:51 | WARNING  | Attempt 1/5 failed for tas_day_ACCESS-CM2_historical_r1i1p1f1_gn_1950.nc: ('Connection broken: IncompleteRead(112590514 bytes read, 130240624 more expected)', IncompleteRead(112590514 bytes read, 130240624 more expected)) — retrying in 5s
2026-07-17 15:00:56 | INFO     | [RE-DOWNLOAD] tas_day_ACCESS-CM2_historical_r1i1p1f1_gn_1950.nc (checksum mismatch)
2026-07-17 15:00:56 | DEBUG    | [RESUME] tas_day_ACCESS-CM2_historical_r1i1p1f1_gn_1950.nc from 100.00 MB
2026-07-17 15:00:56 | INFO     | [DOWNLOAD] tas_day_ACCESS-CM2_historical_r1i1p1f1_gn_1950.nc
2026-07-17 15:00:59 | INFO     | [REDIRECT] tas_day_ACCESS-CM2_historical_r1i1p1f1_gn_1950.nc → tas_day_ACCESS-CM2_historical_r1i1p1f1_gn_1950_v2.0.nc
2026-07-17 15:04:53 | WARNING  | [SKIP-MD5] tas_day_ACCESS-CM2_historical_r1i1p1f1_gn_1951.nc — downloaded via versioned URL, catalogue checksum may not match
2026-07-17 15:05:58 | WARNING  | [SKIP-MD5] tas_day_ACCESS-CM2_historical_r1i1p1f1_gn_1950.nc — downloaded via versioned URL, catalogue checksum may not match
2026-07-17 15:05:58 | INFO     | Finished: 2 downloaded, 0 skipped, 0 failed.
2026-07-17 15:05:58 | INFO     | Total time: 10m 14s
2026-07-17 15:08:44 | WARNING  | [SKIP-MD5] tas_day_ACCESS-CM2_historical_r1i1p1f1_gn_1950.nc — downloaded via versioned URL, catalogue checksum may not match
2026-07-17 15:08:48 | WARNING  | [SKIP-MD5] tas_day_ACCESS-CM2_historical_r1i1p1f1_gn_1951.nc — downloaded via versioned URL, catalogue checksum may not match
2026-07-17 15:08:48 | INFO     | Finished: 2 downloaded, 0 skipped, 0 failed.
2026-07-17 15:08:48 | INFO     | Total time: 9m 10s
